<?xml version="1.0" encoding="UTF-8"?>
<!-- Generated by org.testng.reporters.JUnitXMLReporter -->
<testsuite ignored="3" hostname="SP01B01ZZ5947A" failures="0" tests="1" name="Default test" time="3.852" errors="0" timestamp="2025-09-19T22:39:51 AST">
  <testcase classname="Automation.Testcases" name="DeleteCustomer" time="0.067"/>
  <testcase classname="Automation.Testcases" name="UpdateCustomerInfo" time="0.0">
    <ignored/>
  </testcase> <!-- UpdateCustomerInfo -->
  <testcase classname="Automation.Testcases" name="AddNewCustomer" time="0.0">
    <ignored/>
  </testcase> <!-- AddNewCustomer -->
  <testcase classname="Automation.Testcases" name="ReadTheUpdatedData" time="0.0">
    <ignored/>
  </testcase> <!-- ReadTheUpdatedData -->
</testsuite> <!-- Default test -->
