<?xml version="1.0" encoding="UTF-8"?>
<!-- Generated by org.testng.reporters.JUnitXMLReporter -->
<testsuite ignored="3" hostname="SP01B01ZZ5947A" failures="0" tests="1" name="Default test" time="9.123" errors="0" timestamp="2025-09-11T20:59:03 AST">
  <testcase classname="Automation.MyTestcases" name="AddItemToThecart" time="3.839"/>
  <testcase classname="Automation.MyTestcases" name="LogoffTest" time="0.0">
    <ignored/>
  </testcase> <!-- LogoffTest -->
  <testcase classname="Automation.MyTestcases" name="Login" time="0.0">
    <ignored/>
  </testcase> <!-- Login -->
  <testcase classname="Automation.MyTestcases" name="SignupTest" time="0.0">
    <ignored/>
  </testcase> <!-- SignupTest -->
</testsuite> <!-- Default test -->
