<?xml version="1.0" encoding="UTF-8"?>
<testng-results ignored="3" total="4" passed="1" failed="0" skipped="0">
  <reporter-output>
  </reporter-output>
  <suite started-at="2025-09-19T22:39:47 AST" name="Default suite" finished-at="2025-09-19T22:39:51 AST" duration-ms="3852">
    <groups>
    </groups>
    <test started-at="2025-09-19T22:39:47 AST" name="Default test" finished-at="2025-09-19T22:39:51 AST" duration-ms="3852">
      <class name="Automation.Testcases">
        <test-method is-config="true" signature="mySetup()[pri:0, instance:Automation.Testcases@78f5c518]" started-at="2025-09-19T22:39:47 AST" name="mySetup" finished-at="2025-09-19T22:39:51 AST" duration-ms="3727" status="PASS">
          <reporter-output>
          </reporter-output>
        </test-method> <!-- mySetup -->
        <test-method signature="DeleteCustomer()[pri:4, instance:Automation.Testcases@78f5c518]" started-at="2025-09-19T22:39:51 AST" name="DeleteCustomer" finished-at="2025-09-19T22:39:51 AST" duration-ms="67" status="PASS">
          <reporter-output>
          </reporter-output>
        </test-method> <!-- DeleteCustomer -->
      </class> <!-- Automation.Testcases -->
    </test> <!-- Default test -->
  </suite> <!-- Default suite -->
</testng-results>
